d:\workspace\tcpfighterdummy\tcpfighterdummy\x64\release\vc141.pdb
d:\workspace\tcpfighterdummy\tcpfighterdummy\x64\release\serializebuffer.nativecodeanalysis.xml
d:\workspace\tcpfighterdummy\tcpfighterdummy\x64\release\ringbuffer.nativecodeanalysis.xml
d:\workspace\tcpfighterdummy\tcpfighterdummy\x64\release\recvpacket.nativecodeanalysis.xml
d:\workspace\tcpfighterdummy\tcpfighterdummy\x64\release\networkproc.nativecodeanalysis.xml
d:\workspace\tcpfighterdummy\tcpfighterdummy\x64\release\makepacket.nativecodeanalysis.xml
d:\workspace\tcpfighterdummy\tcpfighterdummy\x64\release\main.nativecodeanalysis.xml
d:\workspace\tcpfighterdummy\tcpfighterdummy\x64\release\contentproc.nativecodeanalysis.xml
d:\workspace\tcpfighterdummy\tcpfighterdummy\x64\release\common.nativecodeanalysis.xml
d:\workspace\tcpfighterdummy\tcpfighterdummy\x64\release\common.obj
d:\workspace\tcpfighterdummy\tcpfighterdummy\x64\release\contentproc.obj
d:\workspace\tcpfighterdummy\tcpfighterdummy\x64\release\main.obj
d:\workspace\tcpfighterdummy\tcpfighterdummy\x64\release\makepacket.obj
d:\workspace\tcpfighterdummy\tcpfighterdummy\x64\release\networkproc.obj
d:\workspace\tcpfighterdummy\tcpfighterdummy\x64\release\recvpacket.obj
d:\workspace\tcpfighterdummy\tcpfighterdummy\x64\release\ringbuffer.obj
d:\workspace\tcpfighterdummy\tcpfighterdummy\x64\release\serializebuffer.obj
d:\workspace\tcpfighterdummy\x64\release\tcpfighterdummy.exe
d:\workspace\tcpfighterdummy\x64\release\tcpfighterdummy.pdb
d:\workspace\tcpfighterdummy\x64\release\tcpfighterdummy.ipdb
d:\workspace\tcpfighterdummy\x64\release\tcpfighterdummy.iobj
d:\workspace\tcpfighterdummy\tcpfighterdummy\x64\release\nativecodeanalysis.read.1.tlog
d:\workspace\tcpfighterdummy\tcpfighterdummy\x64\release\vc.nativecodeanalysis.all.xml
d:\workspace\tcpfighterdummy\x64\release\tcpfighterdummy.exe.lastcodeanalysissucceeded
d:\workspace\tcpfighterdummy\tcpfighterdummy\x64\release\tcpfighterdummy.tlog\cl.command.1.tlog
d:\workspace\tcpfighterdummy\tcpfighterdummy\x64\release\tcpfighterdummy.tlog\cl.read.1.tlog
d:\workspace\tcpfighterdummy\tcpfighterdummy\x64\release\tcpfighterdummy.tlog\cl.write.1.tlog
d:\workspace\tcpfighterdummy\tcpfighterdummy\x64\release\tcpfighterdummy.tlog\link.command.1.tlog
d:\workspace\tcpfighterdummy\tcpfighterdummy\x64\release\tcpfighterdummy.tlog\link.read.1.tlog
d:\workspace\tcpfighterdummy\tcpfighterdummy\x64\release\tcpfighterdummy.tlog\link.write.1.tlog
d:\workspace\tcpfighterdummy\tcpfighterdummy\x64\release\tcpfighterdummy.tlog\tcpfighterdummy.write.1u.tlog
