  Common.cpp
  ContentProc.cpp
d:\workspace\tcpfighterdummy\tcpfighterdummy\content\../Network/MakePacket.h(21): error C2065: 'st_SECTOR_POS': 선언되지 않은 식별자입니다.
d:\workspace\tcpfighterdummy\tcpfighterdummy\content\../Network/MakePacket.h(21): error C2065: 'pPos': 선언되지 않은 식별자입니다.
d:\workspace\tcpfighterdummy\tcpfighterdummy\content\../Network/MakePacket.h(21): error C2065: 'pExcept': 선언되지 않은 식별자입니다.
d:\workspace\tcpfighterdummy\tcpfighterdummy\content\../Network/MakePacket.h(21): error C2275: 'st_PLAYER': 이 형식을 식으로 잘못 사용했습니다.
  d:\workspace\tcpfighterdummy\tcpfighterdummy\content\ContentProc.h(10): note: 'st_PLAYER' 선언을 참조하십시오.
d:\workspace\tcpfighterdummy\tcpfighterdummy\content\../Network/MakePacket.h(21): error C2065: 'pBuffer': 선언되지 않은 식별자입니다.
d:\workspace\tcpfighterdummy\tcpfighterdummy\content\../Network/MakePacket.h(21): error C2275: 'CSerializeBuffer': 이 형식을 식으로 잘못 사용했습니다.
  d:\workspace\tcpfighterdummy\tcpfighterdummy\network\SerializeBuffer.h(32): note: 'CSerializeBuffer' 선언을 참조하십시오.
d:\workspace\tcpfighterdummy\tcpfighterdummy\content\../Network/MakePacket.h(21): error C2182: 'MakeDeleteCharacterInSector': 'void' 형식을 잘못 사용했습니다.
  main.cpp
main.cpp(4): fatal error C1083: 포함 파일을 열 수 없습니다. 'Content\Sector.h': No such file or directory
  MakePacket.cpp
d:\workspace\tcpfighterdummy\tcpfighterdummy\network\MakePacket.h(21): error C2065: 'st_SECTOR_POS': 선언되지 않은 식별자입니다.
d:\workspace\tcpfighterdummy\tcpfighterdummy\network\MakePacket.h(21): error C2065: 'pPos': 선언되지 않은 식별자입니다.
d:\workspace\tcpfighterdummy\tcpfighterdummy\network\MakePacket.h(21): error C2065: 'pExcept': 선언되지 않은 식별자입니다.
d:\workspace\tcpfighterdummy\tcpfighterdummy\network\MakePacket.h(21): error C2275: 'st_PLAYER': 이 형식을 식으로 잘못 사용했습니다.
  d:\workspace\tcpfighterdummy\tcpfighterdummy\network\../Content/ContentProc.h(10): note: 'st_PLAYER' 선언을 참조하십시오.
d:\workspace\tcpfighterdummy\tcpfighterdummy\network\MakePacket.h(21): error C2065: 'pBuffer': 선언되지 않은 식별자입니다.
d:\workspace\tcpfighterdummy\tcpfighterdummy\network\MakePacket.h(21): error C2275: 'CSerializeBuffer': 이 형식을 식으로 잘못 사용했습니다.
  d:\workspace\tcpfighterdummy\tcpfighterdummy\network\SerializeBuffer.h(32): note: 'CSerializeBuffer' 선언을 참조하십시오.
d:\workspace\tcpfighterdummy\tcpfighterdummy\network\MakePacket.h(21): error C2182: 'MakeDeleteCharacterInSector': 'void' 형식을 잘못 사용했습니다.
Network\MakePacket.cpp(2): fatal error C1083: 포함 파일을 열 수 없습니다. '../Content/Sector.h': No such file or directory
  NetworkProc.cpp
Network\NetworkProc.cpp(85): warning C4309: '인수': 상수 값이 잘립니다.
Network\NetworkProc.cpp(122): warning C4309: '인수': 상수 값이 잘립니다.
Network\NetworkProc.cpp(196): warning C4477: 'wprintf' : 서식 문자열 '%d'에 'int' 형식의 인수가 필요하지만 variadic 인수 3의 형식이 'SOCKET'입니다.
  Network\NetworkProc.cpp(196): note: 서식 문자열에서 '%lld'을(를) 사용하는 것이 좋습니다.
  Network\NetworkProc.cpp(196): note: 서식 문자열에서 '%Id'을(를) 사용하는 것이 좋습니다.
  Network\NetworkProc.cpp(196): note: 서식 문자열에서 '%I64d'을(를) 사용하는 것이 좋습니다.
C:\Program Files (x86)\Microsoft Visual Studio\2017\Community\VC\Tools\MSVC\14.10.25017\include\utility(217): warning C4244: '초기화 중': 'const UINT64'에서 'const DWORD'(으)로 변환하면서 데이터가 손실될 수 있습니다.
  C:\Program Files (x86)\Microsoft Visual Studio\2017\Community\VC\Tools\MSVC\14.10.25017\include\xmemory0(840): note: 컴파일 중인 함수 템플릿 인스턴스화 'std::pair<const _Kty,_Ty>::pair<const unsigned __int64,_Ty,void,0>(std::pair<const unsigned __int64,_Ty> &&) noexcept'에 대한 참조를 확인하십시오.
          with
          [
              _Kty=DWORD,
              _Ty=st_CLIENT *
          ]
  C:\Program Files (x86)\Microsoft Visual Studio\2017\Community\VC\Tools\MSVC\14.10.25017\include\xmemory0(840): note: 컴파일 중인 함수 템플릿 인스턴스화 'std::pair<const _Kty,_Ty>::pair<const unsigned __int64,_Ty,void,0>(std::pair<const unsigned __int64,_Ty> &&) noexcept'에 대한 참조를 확인하십시오.
          with
          [
              _Kty=DWORD,
              _Ty=st_CLIENT *
          ]
  C:\Program Files (x86)\Microsoft Visual Studio\2017\Community\VC\Tools\MSVC\14.10.25017\include\xmemory0(959): note: 컴파일 중인 함수 템플릿 인스턴스화 'void std::allocator<_Other>::construct<_Objty,_Ty>(_Objty *,_Ty &&)'에 대한 참조를 확인하십시오.
          with
          [
              _Other=std::_Tree_node<std::pair<const DWORD,st_CLIENT *>,void *>,
              _Objty=std::pair<const DWORD,st_CLIENT *>,
              _Ty=std::pair<const UINT64,st_CLIENT *>
          ]
  C:\Program Files (x86)\Microsoft Visual Studio\2017\Community\VC\Tools\MSVC\14.10.25017\include\xmemory0(959): note: 컴파일 중인 함수 템플릿 인스턴스화 'void std::allocator<_Other>::construct<_Objty,_Ty>(_Objty *,_Ty &&)'에 대한 참조를 확인하십시오.
          with
          [
              _Other=std::_Tree_node<std::pair<const DWORD,st_CLIENT *>,void *>,
              _Objty=std::pair<const DWORD,st_CLIENT *>,
              _Ty=std::pair<const UINT64,st_CLIENT *>
          ]
  C:\Program Files (x86)\Microsoft Visual Studio\2017\Community\VC\Tools\MSVC\14.10.25017\include\xmemory0(1097): note: 컴파일 중인 함수 템플릿 인스턴스화 'void std::allocator_traits<_Alloc>::construct<_Ty,std::pair<const _Kty,st_CLIENT*>>(std::allocator<_Other> &,_Objty *,std::pair<const _Kty,st_CLIENT*> &&)'에 대한 참조를 확인하십시오.
          with
          [
              _Alloc=std::allocator<std::_Tree_node<std::pair<const DWORD,st_CLIENT *>,void *>>,
              _Ty=std::pair<const DWORD,st_CLIENT *>,
              _Kty=UINT64,
              _Other=std::_Tree_node<std::pair<const DWORD,st_CLIENT *>,void *>,
              _Objty=std::pair<const DWORD,st_CLIENT *>
          ]
  C:\Program Files (x86)\Microsoft Visual Studio\2017\Community\VC\Tools\MSVC\14.10.25017\include\xmemory0(1096): note: 컴파일 중인 함수 템플릿 인스턴스화 'void std::allocator_traits<_Alloc>::construct<_Ty,std::pair<const _Kty,st_CLIENT*>>(std::allocator<_Other> &,_Objty *,std::pair<const _Kty,st_CLIENT*> &&)'에 대한 참조를 확인하십시오.
          with
          [
              _Alloc=std::allocator<std::_Tree_node<std::pair<const DWORD,st_CLIENT *>,void *>>,
              _Ty=std::pair<const DWORD,st_CLIENT *>,
              _Kty=UINT64,
              _Other=std::_Tree_node<std::pair<const DWORD,st_CLIENT *>,void *>,
              _Objty=std::pair<const DWORD,st_CLIENT *>
          ]
  C:\Program Files (x86)\Microsoft Visual Studio\2017\Community\VC\Tools\MSVC\14.10.25017\include\xtree(904): note: 컴파일 중인 함수 템플릿 인스턴스화 'void std::_Wrap_alloc<std::allocator<_Other>>::construct<_Ty,std::pair<const _Kty,st_CLIENT*>>(_Ty *,std::pair<const _Kty,st_CLIENT*> &&)'에 대한 참조를 확인하십시오.
          with
          [
              _Other=std::_Tree_node<std::pair<const DWORD,st_CLIENT *>,void *>,
              _Ty=std::pair<const DWORD,st_CLIENT *>,
              _Kty=UINT64
          ]
  C:\Program Files (x86)\Microsoft Visual Studio\2017\Community\VC\Tools\MSVC\14.10.25017\include\xtree(902): note: 컴파일 중인 함수 템플릿 인스턴스화 'void std::_Wrap_alloc<std::allocator<_Other>>::construct<_Ty,std::pair<const _Kty,st_CLIENT*>>(_Ty *,std::pair<const _Kty,st_CLIENT*> &&)'에 대한 참조를 확인하십시오.
          with
          [
              _Other=std::_Tree_node<std::pair<const DWORD,st_CLIENT *>,void *>,
              _Ty=std::pair<const DWORD,st_CLIENT *>,
              _Kty=UINT64
          ]
  C:\Program Files (x86)\Microsoft Visual Studio\2017\Community\VC\Tools\MSVC\14.10.25017\include\xtree(1084): note: 컴파일 중인 함수 템플릿 인스턴스화 'std::_Tree_node<std::pair<const _Kty,_Ty>,void *> *std::_Tree_comp_alloc<_Traits>::_Buynode<std::pair<const unsigned __int64,_Ty>>(std::pair<const unsigned __int64,_Ty> &&)'에 대한 참조를 확인하십시오.
          with
          [
              _Kty=DWORD,
              _Ty=st_CLIENT *,
              _Traits=std::_Tmap_traits<DWORD,st_CLIENT *,std::less<DWORD>,std::allocator<std::pair<const DWORD,st_CLIENT *>>,false>
          ]
  C:\Program Files (x86)\Microsoft Visual Studio\2017\Community\VC\Tools\MSVC\14.10.25017\include\xtree(1084): note: 컴파일 중인 함수 템플릿 인스턴스화 'std::_Tree_node<std::pair<const _Kty,_Ty>,void *> *std::_Tree_comp_alloc<_Traits>::_Buynode<std::pair<const unsigned __int64,_Ty>>(std::pair<const unsigned __int64,_Ty> &&)'에 대한 참조를 확인하십시오.
          with
          [
              _Kty=DWORD,
              _Ty=st_CLIENT *,
              _Traits=std::_Tmap_traits<DWORD,st_CLIENT *,std::less<DWORD>,std::allocator<std::pair<const DWORD,st_CLIENT *>>,false>
          ]
  C:\Program Files (x86)\Microsoft Visual Studio\2017\Community\VC\Tools\MSVC\14.10.25017\include\map(202): note: 컴파일 중인 함수 템플릿 인스턴스화 'std::pair<std::_Tree_iterator<std::_Tree_val<std::_Tree_simple_types<std::pair<const _Kty,_Ty>>>>,bool> std::_Tree<std::_Tmap_traits<_Kty,_Ty,_Pr,_Alloc,false>>::emplace<std::pair<const unsigned __int64,_Ty>>(std::pair<const unsigned __int64,_Ty> &&)'에 대한 참조를 확인하십시오.
          with
          [
              _Kty=DWORD,
              _Ty=st_CLIENT *,
              _Pr=std::less<DWORD>,
              _Alloc=std::allocator<std::pair<const DWORD,st_CLIENT *>>
          ]
  C:\Program Files (x86)\Microsoft Visual Studio\2017\Community\VC\Tools\MSVC\14.10.25017\include\map(202): note: 컴파일 중인 함수 템플릿 인스턴스화 'std::pair<std::_Tree_iterator<std::_Tree_val<std::_Tree_simple_types<std::pair<const _Kty,_Ty>>>>,bool> std::_Tree<std::_Tmap_traits<_Kty,_Ty,_Pr,_Alloc,false>>::emplace<std::pair<const unsigned __int64,_Ty>>(std::pair<const unsigned __int64,_Ty> &&)'에 대한 참조를 확인하십시오.
          with
          [
              _Kty=DWORD,
              _Ty=st_CLIENT *,
              _Pr=std::less<DWORD>,
              _Alloc=std::allocator<std::pair<const DWORD,st_CLIENT *>>
          ]
  Network\NetworkProc.cpp(192): note: 컴파일 중인 함수 템플릿 인스턴스화 'std::pair<std::_Tree_iterator<std::_Tree_val<std::_Tree_simple_types<std::pair<const _Kty,_Ty>>>>,bool> std::map<_Kty,_Ty,std::less<_Kty>,std::allocator<std::pair<const _Kty,_Ty>>>::insert<std::pair<const unsigned __int64,_Ty>,void>(_Valty &&)'에 대한 참조를 확인하십시오.
          with
          [
              _Kty=DWORD,
              _Ty=st_CLIENT *,
              _Valty=std::pair<const UINT64,st_CLIENT *>
          ]
  Network\NetworkProc.cpp(192): note: 컴파일 중인 함수 템플릿 인스턴스화 'std::pair<std::_Tree_iterator<std::_Tree_val<std::_Tree_simple_types<std::pair<const _Kty,_Ty>>>>,bool> std::map<_Kty,_Ty,std::less<_Kty>,std::allocator<std::pair<const _Kty,_Ty>>>::insert<std::pair<const unsigned __int64,_Ty>,void>(_Valty &&)'에 대한 참조를 확인하십시오.
          with
          [
              _Kty=DWORD,
              _Ty=st_CLIENT *,
              _Valty=std::pair<const UINT64,st_CLIENT *>
          ]
  RecvPacket.cpp
d:\workspace\tcpfighterdummy\tcpfighterdummy\network\MakePacket.h(21): error C2065: 'st_SECTOR_POS': 선언되지 않은 식별자입니다.
d:\workspace\tcpfighterdummy\tcpfighterdummy\network\MakePacket.h(21): error C2065: 'pPos': 선언되지 않은 식별자입니다.
d:\workspace\tcpfighterdummy\tcpfighterdummy\network\MakePacket.h(21): error C2065: 'pExcept': 선언되지 않은 식별자입니다.
d:\workspace\tcpfighterdummy\tcpfighterdummy\network\MakePacket.h(21): error C2275: 'st_PLAYER': 이 형식을 식으로 잘못 사용했습니다.
  d:\workspace\tcpfighterdummy\tcpfighterdummy\network\../Content/ContentProc.h(10): note: 'st_PLAYER' 선언을 참조하십시오.
d:\workspace\tcpfighterdummy\tcpfighterdummy\network\MakePacket.h(21): error C2065: 'pBuffer': 선언되지 않은 식별자입니다.
d:\workspace\tcpfighterdummy\tcpfighterdummy\network\MakePacket.h(21): error C2275: 'CSerializeBuffer': 이 형식을 식으로 잘못 사용했습니다.
  d:\workspace\tcpfighterdummy\tcpfighterdummy\network\SerializeBuffer.h(32): note: 'CSerializeBuffer' 선언을 참조하십시오.
d:\workspace\tcpfighterdummy\tcpfighterdummy\network\MakePacket.h(21): error C2182: 'MakeDeleteCharacterInSector': 'void' 형식을 잘못 사용했습니다.
  RingBuffer.cpp
  SendPacket.cpp
Network\SendPacket.cpp(4): fatal error C1083: 포함 파일을 열 수 없습니다. '../Content/Sector.h': No such file or directory
  SerializeBuffer.cpp
Network\SerializeBuffer.cpp(59): warning C4244: '초기화 중': '__int64'에서 'int'(으)로 변환하면서 데이터가 손실될 수 있습니다.
Network\SerializeBuffer.cpp(86): warning C4244: '초기화 중': '__int64'에서 'int'(으)로 변환하면서 데이터가 손실될 수 있습니다.
Network\SerializeBuffer.cpp(130): warning C4244: '초기화 중': '__int64'에서 'int'(으)로 변환하면서 데이터가 손실될 수 있습니다.
Network\SerializeBuffer.cpp(133): warning C4244: '초기화 중': '__int64'에서 'int'(으)로 변환하면서 데이터가 손실될 수 있습니다.
