  stdafx.cpp
  BaseObject.cpp
  CScreenDIB.cpp
  Effect.cpp
  GameProc.cpp
GameProc.cpp(243): warning C4244: '=': 'ULONGLONG'에서 'DWORD'(으)로 변환하면서 데이터가 손실될 수 있습니다.
GameProc.cpp(254): warning C4244: '=': 'ULONGLONG'에서 'DWORD'(으)로 변환하면서 데이터가 손실될 수 있습니다.
GameProc.cpp(265): warning C4244: '=': 'ULONGLONG'에서 'DWORD'(으)로 변환하면서 데이터가 손실될 수 있습니다.
  NetworkProc.cpp
  PacketRecv.cpp
PacketRecv.cpp(26): warning C4018: '<': signed 또는 unsigned가 일치하지 않습니다.
  PacketSend.cpp
PacketSend.cpp(87): warning C4101: 'Header' :참조되지 않은 지역 변수입니다.
PacketSend.cpp(88): warning C4101: 'Packet' :참조되지 않은 지역 변수입니다.
PacketSend.cpp(95): warning C4101: 'Header' :참조되지 않은 지역 변수입니다.
PacketSend.cpp(96): warning C4101: 'Packet' :참조되지 않은 지역 변수입니다.
PacketSend.cpp(103): warning C4101: 'Header' :참조되지 않은 지역 변수입니다.
PacketSend.cpp(104): warning C4101: 'Packet' :참조되지 않은 지역 변수입니다.
PacketSend.cpp(111): warning C4101: 'Header' :참조되지 않은 지역 변수입니다.
PacketSend.cpp(112): warning C4101: 'Packet' :참조되지 않은 지역 변수입니다.
PacketSend.cpp(119): warning C4101: 'Header' :참조되지 않은 지역 변수입니다.
PacketSend.cpp(120): warning C4101: 'Packet' :참조되지 않은 지역 변수입니다.
  Player.cpp
  RingBuffer.cpp
  ScrollMap.cpp
  SerializeBuffer.cpp
SerializeBuffer.cpp(52): warning C4244: '초기화 중': '__int64'에서 'int'(으)로 변환하면서 데이터가 손실될 수 있습니다.
SerializeBuffer.cpp(61): warning C4244: '초기화 중': '__int64'에서 'int'(으)로 변환하면서 데이터가 손실될 수 있습니다.
SerializeBuffer.cpp(70): warning C4244: '초기화 중': '__int64'에서 'int'(으)로 변환하면서 데이터가 손실될 수 있습니다.
SerializeBuffer.cpp(85): warning C4244: '초기화 중': '__int64'에서 'int'(으)로 변환하면서 데이터가 손실될 수 있습니다.
SerializeBuffer.cpp(106): warning C4244: '초기화 중': '__int64'에서 'int'(으)로 변환하면서 데이터가 손실될 수 있습니다.
SerializeBuffer.cpp(109): warning C4244: '초기화 중': '__int64'에서 'int'(으)로 변환하면서 데이터가 손실될 수 있습니다.
  Sprite.cpp
  TCPFighter.cpp
  코드를 생성하고 있습니다.
d:\workspace\github\tcpfighter\tcpfighter\packetsend.cpp(34): warning C4715: 'SendPacket': 모든 제어 경로에서 값을 반환하지는 않습니다.
d:\workspace\github\tcpfighter\tcpfighter\networkproc.cpp(65): warning C4715: 'NetworkProc': 모든 제어 경로에서 값을 반환하지는 않습니다.
  All 252 functions were compiled because no usable IPDB/IOBJ from previous compilation was found.
  코드를 생성했습니다.
  TCPFighter.vcxproj -> D:\Workspace\Github\TCPFighter\x64\Release\TCPFighter.exe
  TCPFighter.vcxproj -> D:\Workspace\Github\TCPFighter\x64\Release\TCPFighter.pdb (Full PDB)
