  SerializeBuffer.cpp
c:\users\mute\documents\github\tcpfighter\tcpfighterdummy\tcpfighterdummy\network\serializebuffer.cpp(59): warning C4244: '초기화 중': '__int64'에서 'int'(으)로 변환하면서 데이터가 손실될 수 있습니다.
c:\users\mute\documents\github\tcpfighter\tcpfighterdummy\tcpfighterdummy\network\serializebuffer.cpp(86): warning C4244: '초기화 중': '__int64'에서 'int'(으)로 변환하면서 데이터가 손실될 수 있습니다.
c:\users\mute\documents\github\tcpfighter\tcpfighterdummy\tcpfighterdummy\network\serializebuffer.cpp(130): warning C4244: '초기화 중': '__int64'에서 'int'(으)로 변환하면서 데이터가 손실될 수 있습니다.
c:\users\mute\documents\github\tcpfighter\tcpfighterdummy\tcpfighterdummy\network\serializebuffer.cpp(133): warning C4244: '초기화 중': '__int64'에서 'int'(으)로 변환하면서 데이터가 손실될 수 있습니다.
  RingBuffer.cpp
  RecvPacket.cpp
  NetworkProc.cpp
c:\users\mute\documents\github\tcpfighter\tcpfighterdummy\tcpfighterdummy\network\networkproc.cpp(76): warning C4477: 'wprintf' : 서식 문자열 '%u'에 'unsigned int' 형식의 인수가 필요하지만 variadic 인수 1의 형식이 'SOCKET'입니다.
  c:\users\mute\documents\github\tcpfighter\tcpfighterdummy\tcpfighterdummy\network\networkproc.cpp(76): note: 서식 문자열에서 '%llu'을(를) 사용하는 것이 좋습니다.
  c:\users\mute\documents\github\tcpfighter\tcpfighterdummy\tcpfighterdummy\network\networkproc.cpp(76): note: 서식 문자열에서 '%Iu'을(를) 사용하는 것이 좋습니다.
  c:\users\mute\documents\github\tcpfighter\tcpfighterdummy\tcpfighterdummy\network\networkproc.cpp(76): note: 서식 문자열에서 '%I64u'을(를) 사용하는 것이 좋습니다.
c:\users\mute\documents\github\tcpfighter\tcpfighterdummy\tcpfighterdummy\network\networkproc.cpp(100): warning C4309: '인수': 상수 값이 잘립니다.
c:\users\mute\documents\github\tcpfighter\tcpfighterdummy\tcpfighterdummy\network\networkproc.cpp(129): warning C4309: '인수': 상수 값이 잘립니다.
  MakePacket.cpp
  main.cpp
  ContentProc.cpp
  Common.cpp
c:\users\mute\documents\github\tcpfighter\tcpfighterdummy\tcpfighterdummy\common\common.cpp(40): warning C4477: 'wprintf' : 서식 문자열 '%lld'에 '__int64' 형식의 인수가 필요하지만 variadic 인수 1의 형식이 'DWORD'입니다.
  c:\users\mute\documents\github\tcpfighter\tcpfighterdummy\tcpfighterdummy\common\common.cpp(40): note: 서식 문자열에서 '%ld'을(를) 사용하는 것이 좋습니다.
c:\users\mute\documents\github\tcpfighter\tcpfighterdummy\tcpfighterdummy\common\common.cpp(40): warning C4477: 'wprintf' : 서식 문자열 '%lld'에 '__int64' 형식의 인수가 필요하지만 variadic 인수 2의 형식이 'DWORD'입니다.
  c:\users\mute\documents\github\tcpfighter\tcpfighterdummy\tcpfighterdummy\common\common.cpp(40): note: 서식 문자열에서 '%ld'을(를) 사용하는 것이 좋습니다.
c:\users\mute\documents\github\tcpfighter\tcpfighterdummy\tcpfighterdummy\common\common.cpp(41): warning C4477: 'wprintf' : 서식 문자열 '%lld'에 '__int64' 형식의 인수가 필요하지만 variadic 인수 1의 형식이 'DWORD'입니다.
  c:\users\mute\documents\github\tcpfighter\tcpfighterdummy\tcpfighterdummy\common\common.cpp(41): note: 서식 문자열에서 '%ld'을(를) 사용하는 것이 좋습니다.
c:\users\mute\documents\github\tcpfighter\tcpfighterdummy\tcpfighterdummy\common\common.cpp(41): warning C4477: 'wprintf' : 서식 문자열 '%lld'에 '__int64' 형식의 인수가 필요하지만 variadic 인수 2의 형식이 'int'입니다.
  c:\users\mute\documents\github\tcpfighter\tcpfighterdummy\tcpfighterdummy\common\common.cpp(41): note: 서식 문자열에서 '%d'을(를) 사용하는 것이 좋습니다.
  c:\users\mute\documents\github\tcpfighter\tcpfighterdummy\tcpfighterdummy\common\common.cpp(41): note: 서식 문자열에서 '%I32d'을(를) 사용하는 것이 좋습니다.
c:\users\mute\documents\github\tcpfighter\tcpfighterdummy\tcpfighterdummy\common\common.cpp(41): warning C4477: 'wprintf' : 서식 문자열 '%lld'에 '__int64' 형식의 인수가 필요하지만 variadic 인수 3의 형식이 'int'입니다.
  c:\users\mute\documents\github\tcpfighter\tcpfighterdummy\tcpfighterdummy\common\common.cpp(41): note: 서식 문자열에서 '%d'을(를) 사용하는 것이 좋습니다.
  c:\users\mute\documents\github\tcpfighter\tcpfighterdummy\tcpfighterdummy\common\common.cpp(41): note: 서식 문자열에서 '%I32d'을(를) 사용하는 것이 좋습니다.
c:\users\mute\documents\github\tcpfighter\tcpfighterdummy\tcpfighterdummy\common\common.cpp(31): warning C4101: 'LogStr' :참조되지 않은 지역 변수입니다.
  코드를 생성하고 있습니다...
  TCPFighterDummy.vcxproj -> C:\Users\Mute\Documents\GitHub\TCPFighter\TCPFighterDummy\x64\Debug\TCPFighterDummy.exe
  TCPFighterDummy.vcxproj -> C:\Users\Mute\Documents\GitHub\TCPFighter\TCPFighterDummy\x64\Debug\TCPFighterDummy.pdb (Partial PDB)
